1625728256663	geckodriver	INFO	Listening on 127.0.0.1:56908
1625728257239	mozrunner::runner	INFO	Running command: "C:\\Program Files\\Mozilla Firefox\\firefox.exe" "--marionette" "-headless" "-foreground" "-no-remote" "-profile" "C:\\Users\\Admin\\AppData\\Local\\Temp\\rust_mozprofileTLh9OI"
*** You are running in headless mode.
1625728258392	Marionette	INFO	Marionette enabled
console.warn: SearchSettings: "get: No settings file exists, new profile?" (new NotFoundError("Could not open the file at C:\\Users\\Admin\\AppData\\Local\\Temp\\rust_mozprofileTLh9OI\\search.json.mozlz4", (void 0)))
1625728260913	Marionette	INFO	Listening on port 56913
1625728261453	Marionette	WARN	TLS certificate errors will be ignored for this session
JavaScript warning: https://mc.yandex.ru/metrika/tag.js, line 129: Failed to create WebGL context: WebGL creation failed: 
* Can't use WebGL in headless mode (https://bugzil.la/1375585). ()
JavaScript warning: https://mc.yandex.ru/metrika/tag.js, line 129: Failed to create WebGL context: WebGL creation failed: 
* Can't use WebGL in headless mode (https://bugzil.la/1375585). ()
JavaScript error: https://platform.twitter.com/widgets/widget_iframe.06c6ee58c3810956b7509218508c7b56.html?origin=https%3A%2F%2Fskladchik.com, line 18: Error: Network error.
JavaScript warning: https://skladchik.com/js/jp/whorl/fetch.js?_v=ccf9e37e, line 1: Failed to create WebGL context: WebGL creation failed: 
* Can't use WebGL in headless mode (https://bugzil.la/1375585). ()
JavaScript warning: https://skladchik.com/js/jp/whorl/fetch.js?_v=ccf9e37e, line 1: Failed to create WebGL context: WebGL creation failed: 
* Can't use WebGL in headless mode (https://bugzil.la/1375585). ()
JavaScript warning: https://skladchik.com/js/jp/whorl/fetch.js?_v=ccf9e37e, line 1: Failed to create WebGL context: WebGL creation failed: 
* Can't use WebGL in headless mode (https://bugzil.la/1375585). ()
JavaScript warning: https://skladchik.com/js/jp/whorl/fetch.js?_v=ccf9e37e, line 1: Failed to create WebGL context: WebGL creation failed: 
* Can't use WebGL in headless mode (https://bugzil.la/1375585). ()
JavaScript warning: https://skladchik.com/js/jp/whorl/fetch.js?_v=ccf9e37e, line 1: Failed to create WebGL context: WebGL creation failed: 
* Can't use WebGL in headless mode (https://bugzil.la/1375585). ()
JavaScript warning: https://skladchik.com/js/jp/whorl/fetch.js?_v=ccf9e37e, line 1: Failed to create WebGL context: WebGL creation failed: 
* Can't use WebGL in headless mode (https://bugzil.la/1375585). ()
JavaScript warning: https://skladchik.com/js/jp/whorl/fetch.js?_v=ccf9e37e, line 1: Failed to create WebGL context: WebGL creation failed: 
* Can't use WebGL in headless mode (https://bugzil.la/1375585). ()
JavaScript warning: https://skladchik.com/js/jp/whorl/fetch.js?_v=ccf9e37e, line 1: Failed to create WebGL context: WebGL creation failed: 
* Can't use WebGL in headless mode (https://bugzil.la/1375585). ()
JavaScript warning: https://skladchik.com/js/jp/whorl/fetch.js?_v=ccf9e37e, line 1: Failed to create WebGL context: WebGL creation failed: 
* Can't use WebGL in headless mode (https://bugzil.la/1375585). ()
JavaScript warning: https://skladchik.com/js/jp/whorl/fetch.js?_v=ccf9e37e, line 1: Failed to create WebGL context: WebGL creation failed: 
* Can't use WebGL in headless mode (https://bugzil.la/1375585). ()
JavaScript warning: https://skladchik.com/js/jp/whorl/fetch.js?_v=ccf9e37e, line 1: Failed to create WebGL context: WebGL creation failed: 
* Can't use WebGL in headless mode (https://bugzil.la/1375585). ()
JavaScript warning: https://skladchik.com/js/jp/whorl/fetch.js?_v=ccf9e37e, line 1: Failed to create WebGL context: WebGL creation failed: 
* Can't use WebGL in headless mode (https://bugzil.la/1375585). ()
JavaScript warning: https://skladchik.com/js/jp/whorl/fetch.js?_v=ccf9e37e, line 1: Failed to create WebGL context: WebGL creation failed: 
* Can't use WebGL in headless mode (https://bugzil.la/1375585). ()
JavaScript warning: https://skladchik.com/js/jp/whorl/fetch.js?_v=ccf9e37e, line 1: Failed to create WebGL context: WebGL creation failed: 
* Can't use WebGL in headless mode (https://bugzil.la/1375585). ()
JavaScript warning: https://skladchik.com/js/jp/whorl/fetch.js?_v=ccf9e37e, line 1: Failed to create WebGL context: WebGL creation failed: 
* Can't use WebGL in headless mode (https://bugzil.la/1375585). ()
JavaScript warning: https://skladchik.com/js/jp/whorl/fetch.js?_v=ccf9e37e, line 1: Failed to create WebGL context: WebGL creation failed: 
* Can't use WebGL in headless mode (https://bugzil.la/1375585). ()
1625728308821	Marionette	INFO	Stopped listening on port 56913
1625729037966	geckodriver	INFO	Listening on 127.0.0.1:58695
1625729038504	mozrunner::runner	INFO	Running command: "C:\\Program Files\\Mozilla Firefox\\firefox.exe" "--marionette" "-headless" "-foreground" "-no-remote" "-profile" "C:\\Users\\Admin\\AppData\\Local\\Temp\\rust_mozprofileyXqqb8"
*** You are running in headless mode.
1625729039418	Marionette	INFO	Marionette enabled
console.warn: SearchSettings: "get: No settings file exists, new profile?" (new NotFoundError("Could not open the file at C:\\Users\\Admin\\AppData\\Local\\Temp\\rust_mozprofileyXqqb8\\search.json.mozlz4", (void 0)))
1625729041647	Marionette	INFO	Listening on port 58700
1625729041745	Marionette	WARN	TLS certificate errors will be ignored for this session
JavaScript warning: https://mc.yandex.ru/metrika/tag.js, line 129: Failed to create WebGL context: WebGL creation failed: 
* Can't use WebGL in headless mode (https://bugzil.la/1375585). ()
JavaScript warning: https://mc.yandex.ru/metrika/tag.js, line 129: Failed to create WebGL context: WebGL creation failed: 
* Can't use WebGL in headless mode (https://bugzil.la/1375585). ()
JavaScript warning: https://skladchik.com/js/jp/whorl/fetch.js?_v=ccf9e37e, line 1: Failed to create WebGL context: WebGL creation failed: 
* Can't use WebGL in headless mode (https://bugzil.la/1375585). ()
JavaScript warning: https://skladchik.com/js/jp/whorl/fetch.js?_v=ccf9e37e, line 1: Failed to create WebGL context: WebGL creation failed: 
* Can't use WebGL in headless mode (https://bugzil.la/1375585). ()
JavaScript warning: https://skladchik.com/js/jp/whorl/fetch.js?_v=ccf9e37e, line 1: Failed to create WebGL context: WebGL creation failed: 
* Can't use WebGL in headless mode (https://bugzil.la/1375585). ()
JavaScript warning: https://skladchik.com/js/jp/whorl/fetch.js?_v=ccf9e37e, line 1: Failed to create WebGL context: WebGL creation failed: 
* Can't use WebGL in headless mode (https://bugzil.la/1375585). ()
JavaScript warning: https://skladchik.com/js/jp/whorl/fetch.js?_v=ccf9e37e, line 1: Failed to create WebGL context: WebGL creation failed: 
* Can't use WebGL in headless mode (https://bugzil.la/1375585). ()
JavaScript warning: https://skladchik.com/js/jp/whorl/fetch.js?_v=ccf9e37e, line 1: Failed to create WebGL context: WebGL creation failed: 
* Can't use WebGL in headless mode (https://bugzil.la/1375585). ()
JavaScript warning: https://skladchik.com/js/jp/whorl/fetch.js?_v=ccf9e37e, line 1: Failed to create WebGL context: WebGL creation failed: 
* Can't use WebGL in headless mode (https://bugzil.la/1375585). ()
JavaScript warning: https://skladchik.com/js/jp/whorl/fetch.js?_v=ccf9e37e, line 1: Failed to create WebGL context: WebGL creation failed: 
* Can't use WebGL in headless mode (https://bugzil.la/1375585). ()
JavaScript warning: https://skladchik.com/js/jp/whorl/fetch.js?_v=ccf9e37e, line 1: Failed to create WebGL context: WebGL creation failed: 
* Can't use WebGL in headless mode (https://bugzil.la/1375585). ()
JavaScript warning: https://skladchik.com/js/jp/whorl/fetch.js?_v=ccf9e37e, line 1: Failed to create WebGL context: WebGL creation failed: 
* Can't use WebGL in headless mode (https://bugzil.la/1375585). ()
JavaScript warning: https://skladchik.com/js/jp/whorl/fetch.js?_v=ccf9e37e, line 1: Failed to create WebGL context: WebGL creation failed: 
* Can't use WebGL in headless mode (https://bugzil.la/1375585). ()
JavaScript warning: https://skladchik.com/js/jp/whorl/fetch.js?_v=ccf9e37e, line 1: Failed to create WebGL context: WebGL creation failed: 
* Can't use WebGL in headless mode (https://bugzil.la/1375585). ()
JavaScript warning: https://skladchik.com/js/jp/whorl/fetch.js?_v=ccf9e37e, line 1: Failed to create WebGL context: WebGL creation failed: 
* Can't use WebGL in headless mode (https://bugzil.la/1375585). ()
JavaScript warning: https://skladchik.com/js/jp/whorl/fetch.js?_v=ccf9e37e, line 1: Failed to create WebGL context: WebGL creation failed: 
* Can't use WebGL in headless mode (https://bugzil.la/1375585). ()
JavaScript warning: https://skladchik.com/js/jp/whorl/fetch.js?_v=ccf9e37e, line 1: Failed to create WebGL context: WebGL creation failed: 
* Can't use WebGL in headless mode (https://bugzil.la/1375585). ()
JavaScript warning: https://skladchik.com/js/jp/whorl/fetch.js?_v=ccf9e37e, line 1: Failed to create WebGL context: WebGL creation failed: 
* Can't use WebGL in headless mode (https://bugzil.la/1375585). ()
1625729088346	Marionette	INFO	Stopped listening on port 58700
